Android_APK_Src/Libs/aFileChooser/build/outputs/logs/manifest-merger-debug-report.txt
-- Merging decision tree log ---
manifest
ADDED from Libs\aFileChooser\AndroidManifest.xml:17:2-24:12
INJECTED from Libs\aFileChooser\AndroidManifest.xml:17:2-24:12
INJECTED from Libs\aFileChooser\AndroidManifest.xml:17:2-24:12
INJECTED from Libs\aFileChooser\AndroidManifest.xml:17:2-24:12
INJECTED from Libs\aFileChooser\AndroidManifest.xml:17:2-24:12
INJECTED from Libs\aFileChooser\AndroidManifest.xml:17:2-24:12
INJECTED from Libs\aFileChooser\AndroidManifest.xml:17:2-24:12
	package
		ADDED from Libs\aFileChooser\AndroidManifest.xml:18:5-40
		INJECTED from Libs\aFileChooser\AndroidManifest.xml
		INJECTED from Libs\aFileChooser\AndroidManifest.xml
	android:versionName
		INJECTED from Libs\aFileChooser\AndroidManifest.xml
		ADDED from Libs\aFileChooser\AndroidManifest.xml:17:2-24:12
		INJECTED from Libs\aFileChooser\AndroidManifest.xml
	android:versionCode
		INJECTED from Libs\aFileChooser\AndroidManifest.xml
		ADDED from Libs\aFileChooser\AndroidManifest.xml:17:2-24:12
		INJECTED from Libs\aFileChooser\AndroidManifest.xml
	xmlns:android
		ADDED from Libs\aFileChooser\AndroidManifest.xml:17:12-70
uses-permission#android.permission.WRITE_EXTERNAL_STORAGE
ADDED from Libs\aFileChooser\AndroidManifest.xml:19:5-80
	android:name
		ADDED from Libs\aFileChooser\AndroidManifest.xml:19:22-78
uses-permission#android.permission.READ_EXTERNAL_STORAGE
ADDED from Libs\aFileChooser\AndroidManifest.xml:20:5-79
	android:name
		ADDED from Libs\aFileChooser\AndroidManifest.xml:20:22-77
uses-sdk
ADDED from Libs\aFileChooser\AndroidManifest.xml:21:5-43
INJECTED from Libs\aFileChooser\AndroidManifest.xml:21:5-43
INJECTED from Libs\aFileChooser\AndroidManifest.xml:21:5-43
INJECTED from Libs\aFileChooser\AndroidManifest.xml:21:5-43
INJECTED from Libs\aFileChooser\AndroidManifest.xml:21:5-43
	android:targetSdkVersion
		INJECTED from Libs\aFileChooser\AndroidManifest.xml
		ADDED from Libs\aFileChooser\AndroidManifest.xml:21:5-43
		INJECTED from Libs\aFileChooser\AndroidManifest.xml
	android:minSdkVersion
		ADDED from Libs\aFileChooser\AndroidManifest.xml:21:15-40
		INJECTED from Libs\aFileChooser\AndroidManifest.xml
		INJECTED from Libs\aFileChooser\AndroidManifest.xml